Base path: C:/Program Files (x86)/Unity/Editor/Data
Pipe name: \\.\pipe\UnityShaderCompiler-7-5700
Cmd: getPlatforms
Cmd: compileSnippet
  api=0 type=0 insize=1007 outsize=328 kw= ok=1
Cmd: compileSnippet
  api=8 type=1 insize=1171 outsize=1983 kw= ok=1
Cmd: compileSnippet
  api=0 type=0 insize=3251 outsize=375 kw= ok=1
Cmd: compileSnippet
  api=0 type=0 insize=3259 outsize=375 kw= ok=1
Cmd: compileSnippet
  api=8 type=1 insize=3256 outsize=1325 kw= ok=1
Cmd: compileSnippet
  api=8 type=0 insize=3261 outsize=2023 kw= ok=1
Cmd: compileSnippet
  api=0 type=0 insize=3258 outsize=375 kw= ok=1
Cmd: compileSnippet
  api=0 type=0 insize=3253 outsize=375 kw= ok=1
Cmd: compileSnippet
  api=1 type=0 insize=19335 outsize=318 kw= ok=1
Cmd: compileSnippet
  api=0 type=0 insize=19342 outsize=3032 kw= ok=1
Cmd: compileSnippet
  api=0 type=0 insize=19346 outsize=4208 kw= ok=1
Cmd: compileSnippet
  api=0 type=0 insize=19325 outsize=426 kw= ok=1
Cmd: compileSnippet
  api=1 type=0 insize=19328 outsize=318 kw= ok=1
Cmd: compileSnippet
  api=1 type=0 insize=19333 outsize=318 kw= ok=1
Cmd: compileSnippet
  api=1 type=1 insize=19342 outsize=3693 kw= ok=1
Cmd: compileSnippet
  api=0 type=1 insize=19329 outsize=6 kw= ok=1
Cmd: compileSnippet
  api=0 type=1 insize=19344 outsize=6 kw= ok=1
Cmd: compileSnippet
  api=1 type=1 insize=19343 outsize=7825 kw= ok=1
Cmd: compileSnippet
  api=0 type=1 insize=19353 outsize=6 kw= ok=1
Cmd: compileSnippet
  api=0 type=1 insize=19331 outsize=6 kw= ok=1
Cmd: compileSnippet
  api=0 type=1 insize=19333 outsize=6 kw= ok=1
Cmd: compileSnippet
  api=0 type=1 insize=4703 outsize=569 kw= ok=1
Cmd: compileSnippet
  api=1 type=1 insize=4713 outsize=588 kw= ok=1
Cmd: compileSnippet
  api=8 type=0 insize=4708 outsize=2990 kw= ok=1
Unhandled exception: Readfile from pipe failed. GLE=The pipe has been ended.


Quitting shader compiler process
