Base path: C:/Program Files (x86)/Unity/Editor/Data
Pipe name: \\.\pipe\UnityShaderCompiler-3-3348
Cmd: getPlatforms
Cmd: compileSnippet
  api=8 type=0 insize=1008 outsize=1438 kw= ok=1
Cmd: compileSnippet
  api=0 type=1 insize=1171 outsize=466 kw= ok=1
Cmd: compileSnippet
  api=0 type=1 insize=3253 outsize=328 kw= ok=1
Cmd: compileSnippet
  api=8 type=1 insize=3267 outsize=2023 kw= ok=1
Cmd: compileSnippet
  api=1 type=0 insize=3259 outsize=335 kw= ok=1
Cmd: compileSnippet
  api=1 type=0 insize=3256 outsize=335 kw= ok=1
Cmd: compileSnippet
  api=1 type=0 insize=3268 outsize=344 kw= ok=1
Cmd: compileSnippet
  api=8 type=0 insize=3253 outsize=2023 kw= ok=1
Cmd: compileSnippet
  api=1 type=1 insize=19345 outsize=438 kw= ok=1
Cmd: compileSnippet
  api=0 type=1 insize=19333 outsize=6 kw= ok=1
Cmd: compileSnippet
  api=1 type=1 insize=19334 outsize=385 kw= ok=1
Cmd: compileSnippet
  api=0 type=1 insize=19327 outsize=6 kw= ok=1
Cmd: compileSnippet
  api=8 type=0 insize=4703 outsize=3015 kw= ok=1
Cmd: compileSnippet
  api=0 type=0 insize=4714 outsize=691 kw= ok=1
Unhandled exception: Readfile from pipe failed. GLE=The pipe has been ended.


Quitting shader compiler process
